0 verbose cli /opt/homebrew/Cellar/node@20/20.19.2/bin/node /opt/homebrew/bin/npm
1 info using npm@10.8.2
2 info using node@v20.19.2
3 silly config load:file:/opt/homebrew/Cellar/node@20/20.19.2/lib/node_modules/npm/npmrc
4 silly config load:file:/Users/nathanbrown-bennett/TildeSec/Inspire/Inspire/frontend/.npmrc
5 silly config load:file:/Users/nathanbrown-bennett/.npmrc
6 silly config load:file:/Users/nathanbrown-bennett/TildeSec/Inspire/Inspire/frontend/etc/npmrc
7 verbose title npm run dev --host 0.0.0.0 --port 8080 --strictPort
8 verbose argv "run" "dev" "--prefix" "frontend" "--" "--host" "0.0.0.0" "--port" "8080" "--strictPort"
9 verbose logfile logs-max:10 dir:/Users/nathanbrown-bennett/TildeSec/Inspire/Inspire/.npm-cache/_logs/2025-12-29T16_14_17_196Z-
10 verbose logfile /Users/nathanbrown-bennett/TildeSec/Inspire/Inspire/.npm-cache/_logs/2025-12-29T16_14_17_196Z-debug-0.log
11 silly logfile done cleaning log files
12 http fetch GET 200 https://registry.npmjs.org/npm 151ms
13 verbose cwd /Users/nathanbrown-bennett/TildeSec/Inspire/Inspire
14 verbose os Darwin 25.3.0
15 verbose node v20.19.2
16 verbose npm  v10.8.2
17 notice
17 notice New major version of npm available! 10.8.2 -> 11.7.0
17 notice Changelog: https://github.com/npm/cli/releases/tag/v11.7.0
17 notice To update run: npm install -g npm@11.7.0
17 notice  { force: true, [Symbol(proc-log.meta)]: true }
18 verbose exit 143
19 verbose code 143
