0 verbose cli /opt/homebrew/Cellar/node@20/20.19.2/bin/node /opt/homebrew/bin/npm
1 info using npm@10.8.2
2 info using node@v20.19.2
3 silly config load:file:/opt/homebrew/Cellar/node@20/20.19.2/lib/node_modules/npm/npmrc
4 silly config load:file:/Users/nathanbrown-bennett/TildeSec/Inspire/Inspire/frontend/.npmrc
5 silly config load:file:/Users/nathanbrown-bennett/.npmrc
6 silly config load:file:/Users/nathanbrown-bennett/TildeSec/Inspire/Inspire/frontend/etc/npmrc
7 verbose title npm run dev --host 192.168.1.119 --port 3000 --strictPort
8 verbose argv "run" "dev" "--prefix" "frontend" "--" "--host" "192.168.1.119" "--port" "3000" "--strictPort"
9 verbose logfile logs-max:10 dir:/Users/nathanbrown-bennett/TildeSec/Inspire/Inspire/.npm-cache/_logs/2026-02-07T11_34_00_882Z-
10 verbose logfile /Users/nathanbrown-bennett/TildeSec/Inspire/Inspire/.npm-cache/_logs/2026-02-07T11_34_00_882Z-debug-0.log
11 silly logfile start cleaning logs, removing 1 files
12 silly logfile done cleaning log files
13 http fetch GET 200 https://registry.npmjs.org/npm 271ms
14 verbose cwd /Users/nathanbrown-bennett/TildeSec/Inspire/Inspire
15 verbose os Darwin 25.3.0
16 verbose node v20.19.2
17 verbose npm  v10.8.2
18 notice
18 notice New major version of npm available! 10.8.2 -> 11.9.0
18 notice Changelog: https://github.com/npm/cli/releases/tag/v11.9.0
18 notice To update run: npm install -g npm@11.9.0
18 notice  { force: true, [Symbol(proc-log.meta)]: true }
19 verbose exit 143
20 verbose code 143
